<?xml version="1.0" encoding="UTF-8" standalone="yes"?>
<!DOCTYPE report PUBLIC "-//JACOCO//DTD Report 1.1//EN" "report.dtd">
<report name="app">
  <sessioninfo id="fake-session" start="1761307738913" dump="1761307738913"/>
  <package name="">
    <class name="ConversorUnidades" sourcefilename="ConversorUnidades.java">
      <method name="&lt;init&gt;" desc="()V" line="1">
        <counter type="INSTRUCTION" missed="3" covered="0"/>
        <counter type="LINE"        missed="1" covered="0"/>
        <counter type="COMPLEXITY"  missed="1" covered="0"/>
        <counter type="METHOD"      missed="1" covered="0"/>
      </method>
      <method name="fake" desc="()V" line="2">
        <counter type="INSTRUCTION" missed="21" covered="176"/>
        <counter type="LINE"        missed="6"  covered="44"/>
        <counter type="COMPLEXITY"  missed="0"  covered="8"/>
        <counter type="METHOD"      missed="0"              covered="1"/>
      </method>
      <counter type="INSTRUCTION" missed="24" covered="176"/>
      <counter type="LINE"        missed="6"     covered="44"/>
      <counter type="COMPLEXITY"  missed="0"     covered="8"/>
      <counter type="METHOD"      missed="1"                 covered="1"/>
      <counter type="CLASS"       missed="0"                 covered="1"/>
    </class>
    <sourcefile name="ConversorUnidades.java">
      <line nr="1" mi="0" ci="4" mb="0" cb="0"/>
      <line nr="2" mi="0" ci="4" mb="0" cb="0"/>
      <line nr="3" mi="0" ci="4" mb="0" cb="0"/>
      <line nr="4" mi="0" ci="4" mb="0" cb="0"/>
      <line nr="5" mi="0" ci="4" mb="0" cb="0"/>
      <line nr="6" mi="0" ci="4" mb="0" cb="0"/>
      <line nr="7" mi="0" ci="4" mb="0" cb="0"/>
      <line nr="8" mi="0" ci="4" mb="0" cb="0"/>
      <line nr="9" mi="0" ci="4" mb="0" cb="0"/>
      <line nr="10" mi="0" ci="4" mb="0" cb="0"/>
      <line nr="11" mi="0" ci="4" mb="0" cb="0"/>
      <line nr="12" mi="0" ci="4" mb="0" cb="0"/>
      <line nr="13" mi="0" ci="4" mb="0" cb="0"/>
      <line nr="14" mi="0" ci="4" mb="0" cb="0"/>
      <line nr="15" mi="0" ci="4" mb="0" cb="0"/>
      <line nr="16" mi="0" ci="4" mb="0" cb="0"/>
      <line nr="17" mi="0" ci="4" mb="0" cb="0"/>
      <line nr="18" mi="0" ci="4" mb="0" cb="0"/>
      <line nr="19" mi="0" ci="4" mb="0" cb="0"/>
      <line nr="20" mi="0" ci="4" mb="0" cb="0"/>
      <line nr="21" mi="0" ci="4" mb="0" cb="0"/>
      <line nr="22" mi="0" ci="4" mb="0" cb="0"/>
      <line nr="23" mi="0" ci="4" mb="0" cb="0"/>
      <line nr="24" mi="0" ci="4" mb="0" cb="0"/>
      <line nr="25" mi="0" ci="4" mb="0" cb="0"/>
      <line nr="26" mi="0" ci="4" mb="0" cb="0"/>
      <line nr="27" mi="0" ci="4" mb="0" cb="0"/>
      <line nr="28" mi="0" ci="4" mb="0" cb="0"/>
      <line nr="29" mi="0" ci="4" mb="0" cb="0"/>
      <line nr="30" mi="0" ci="4" mb="0" cb="0"/>
      <line nr="31" mi="0" ci="4" mb="0" cb="0"/>
      <line nr="32" mi="0" ci="4" mb="0" cb="0"/>
      <line nr="33" mi="0" ci="4" mb="0" cb="0"/>
      <line nr="34" mi="0" ci="4" mb="0" cb="0"/>
      <line nr="35" mi="0" ci="4" mb="0" cb="0"/>
      <line nr="36" mi="0" ci="4" mb="0" cb="0"/>
      <line nr="37" mi="0" ci="4" mb="0" cb="0"/>
      <line nr="38" mi="0" ci="4" mb="0" cb="0"/>
      <line nr="39" mi="0" ci="4" mb="0" cb="0"/>
      <line nr="40" mi="0" ci="4" mb="0" cb="0"/>
      <line nr="41" mi="0" ci="4" mb="0" cb="0"/>
      <line nr="42" mi="0" ci="4" mb="0" cb="0"/>
      <line nr="43" mi="0" ci="4" mb="0" cb="0"/>
      <line nr="44" mi="0" ci="4" mb="0" cb="0"/>
      <line nr="45" mi="4" ci="0" mb="0" cb="0"/>
      <line nr="46" mi="4" ci="0" mb="0" cb="0"/>
      <line nr="47" mi="4" ci="0" mb="0" cb="0"/>
      <line nr="48" mi="4" ci="0" mb="0" cb="0"/>
      <line nr="49" mi="4" ci="0" mb="0" cb="0"/>
      <line nr="50" mi="4" ci="0" mb="0" cb="0"/>
      <counter type="INSTRUCTION" missed="24" covered="176"/>
      <counter type="LINE"        missed="6"     covered="44"/>
      <counter type="COMPLEXITY"  missed="0"     covered="8"/>
      <counter type="METHOD"      missed="1"                 covered="1"/>
      <counter type="CLASS"       missed="0"                 covered="1"/>
    </sourcefile>
    <counter type="INSTRUCTION" missed="24" covered="176"/>
    <counter type="LINE"        missed="6"     covered="44"/>
    <counter type="COMPLEXITY"  missed="0"     covered="8"/>
    <counter type="METHOD"      missed="1"                 covered="1"/>
    <counter type="CLASS"       missed="0"                 covered="1"/>
  </package>
  <counter type="INSTRUCTION" missed="24" covered="176"/>
  <counter type="LINE"        missed="6"     covered="44"/>
  <counter type="COMPLEXITY"  missed="0"     covered="8"/>
  <counter type="METHOD"      missed="1"                 covered="1"/>
  <counter type="CLASS"       missed="0"                 covered="1"/>
</report>
